{"name": "test_1_login", "status": "broken", "statusDetails": {"message": "selenium.common.exceptions.NoSuchElementException: Message: no such element: Unable to locate element: {\"method\":\"xpath\",\"selector\":\"/html/body/form/table/tbody/tr/td[3]/table/tbody/tr[2]/td/a[1]\"}\n  (Session info: chrome=118.0.5993.120); For documentation on this error, please visit: https://www.selenium.dev/documentation/webdriver/troubleshooting/errors#no-such-element-exception\nStacktrace:\n\tGetHandleVerifier [0x00007FF6DEFF8EF2+54786]\n\t(No symbol) [0x00007FF6DEF65612]\n\t(No symbol) [0x00007FF6DEE1A64B]\n\t(No symbol) [0x00007FF6DEE5B79C]\n\t(No symbol) [0x00007FF6DEE5B91C]\n\t(No symbol) [0x00007FF6DEE96D87]\n\t(No symbol) [0x00007FF6DEE7BEAF]\n\t(No symbol) [0x00007FF6DEE94D02]\n\t(No symbol) [0x00007FF6DEE7BC43]\n\t(No symbol) [0x00007FF6DEE50941]\n\t(No symbol) [0x00007FF6DEE51B84]\n\tGetHandleVerifier [0x00007FF6DF347F52+3524194]\n\tGetHandleVerifier [0x00007FF6DF39D800+3874576]\n\tGetHandleVerifier [0x00007FF6DF395D7F+3843215]\n\tGetHandleVerifier [0x00007FF6DF095086+694166]\n\t(No symbol) [0x00007FF6DEF70A88]\n\t(No symbol) [0x00007FF6DEF6CA94]\n\t(No symbol) [0x00007FF6DEF6CBC2]\n\t(No symbol) [0x00007FF6DEF5CC83]\n\tBaseThreadInitThunk [0x00007FFA05A0257D+29]\n\tRtlUserThreadStart [0x00007FFA071AAA78+40]", "trace": "self = <tests.test_liquidaciones.TestLiquidaciones object at 0x000001DD6CEE6550>\n\n    def test_1_login(self):\n        driver = self.driver\n        loginUsuarios = Login(driver)\n>       loginUsuarios.loginUsuarioSaes(USER1, PASS1)\n\ntest_liquidaciones.py:12: \n_ _ _ _ _ _ _ _ _ _ _ _ _ _ _ _ _ _ _ _ _ _ _ _ _ _ _ _ _ _ _ _ _ _ _ _ _ _ _ _ _ _ _ _ _ _ _ _ _ _ _ _ _ _ _ _ _ _ _ _ _ _ _ _ _ _ _ _ _ _ _ _ _ _ _ _ _ _ _ _ _ _ _ _ _ _ _ _ _ _ _ _ _ _ _ _ _ _ _ _ _ _ _ _ _ _ _ _ _ _ _ _ _ _ _ _\n..\\src\\clases\\Login.py:25: in loginUsuarioSaes\n    texto = self.driver.find_element(By.XPATH, HOME_IDENTIFIER).text\n..\\venv\\Lib\\site-packages\\selenium\\webdriver\\remote\\webdriver.py:740: in find_element\n    return self.execute(Command.FIND_ELEMENT, {\"using\": by, \"value\": value})[\"value\"]\n..\\venv\\Lib\\site-packages\\selenium\\webdriver\\remote\\webdriver.py:346: in execute\n    self.error_handler.check_response(response)\n_ _ _ _ _ _ _ _ _ _ _ _ _ _ _ _ _ _ _ _ _ _ _ _ _ _ _ _ _ _ _ _ _ _ _ _ _ _ _ _ _ _ _ _ _ _ _ _ _ _ _ _ _ _ _ _ _ _ _ _ _ _ _ _ _ _ _ _ _ _ _ _ _ _ _ _ _ _ _ _ _ _ _ _ _ _ _ _ _ _ _ _ _ _ _ _ _ _ _ _ _ _ _ _ _ _ _ _ _ _ _ _ _ _ _ _\n\nself = <selenium.webdriver.remote.errorhandler.ErrorHandler object at 0x000001DD6C395090>\nresponse = {'status': 404, 'value': '{\"value\":{\"error\":\"no such element\",\"message\":\"no such element: Unable to locate element: {\\...07FF6DEF5CC83]\\\\n\\\\tBaseThreadInitThunk [0x00007FFA05A0257D+29]\\\\n\\\\tRtlUserThreadStart [0x00007FFA071AAA78+40]\\\\n\"}}'}\n\n    def check_response(self, response: Dict[str, Any]) -> None:\n        \"\"\"Checks that a JSON response from the WebDriver does not have an\n        error.\n    \n        :Args:\n         - response - The JSON response from the WebDriver server as a dictionary\n           object.\n    \n        :Raises: If the response contains an error message.\n        \"\"\"\n        status = response.get(\"status\", None)\n        if not status or status == ErrorCode.SUCCESS:\n            return\n        value = None\n        message = response.get(\"message\", \"\")\n        screen: str = response.get(\"screen\", \"\")\n        stacktrace = None\n        if isinstance(status, int):\n            value_json = response.get(\"value\", None)\n            if value_json and isinstance(value_json, str):\n                import json\n    \n                try:\n                    value = json.loads(value_json)\n                    if len(value) == 1:\n                        value = value[\"value\"]\n                    status = value.get(\"error\", None)\n                    if not status:\n                        status = value.get(\"status\", ErrorCode.UNKNOWN_ERROR)\n                        message = value.get(\"value\") or value.get(\"message\")\n                        if not isinstance(message, str):\n                            value = message\n                            message = message.get(\"message\")\n                    else:\n                        message = value.get(\"message\", None)\n                except ValueError:\n                    pass\n    \n        exception_class: Type[WebDriverException]\n        e = ErrorCode()\n        error_codes = [item for item in dir(e) if not item.startswith(\"__\")]\n        for error_code in error_codes:\n            error_info = getattr(ErrorCode, error_code)\n            if isinstance(error_info, list) and status in error_info:\n                exception_class = getattr(ExceptionMapping, error_code, WebDriverException)\n                break\n        else:\n            exception_class = WebDriverException\n    \n        if not value:\n            value = response[\"value\"]\n        if isinstance(value, str):\n            raise exception_class(value)\n        if message == \"\" and \"message\" in value:\n            message = value[\"message\"]\n    \n        screen = None  # type: ignore[assignment]\n        if \"screen\" in value:\n            screen = value[\"screen\"]\n    \n        stacktrace = None\n        st_value = value.get(\"stackTrace\") or value.get(\"stacktrace\")\n        if st_value:\n            if isinstance(st_value, str):\n                stacktrace = st_value.split(\"\\n\")\n            else:\n                stacktrace = []\n                try:\n                    for frame in st_value:\n                        line = frame.get(\"lineNumber\", \"\")\n                        file = frame.get(\"fileName\", \"<anonymous>\")\n                        if line:\n                            file = f\"{file}:{line}\"\n                        meth = frame.get(\"methodName\", \"<anonymous>\")\n                        if \"className\" in frame:\n                            meth = f\"{frame['className']}.{meth}\"\n                        msg = \"    at %s (%s)\"\n                        msg = msg % (meth, file)\n                        stacktrace.append(msg)\n                except TypeError:\n                    pass\n        if exception_class == UnexpectedAlertPresentException:\n            alert_text = None\n            if \"data\" in value:\n                alert_text = value[\"data\"].get(\"text\")\n            elif \"alert\" in value:\n                alert_text = value[\"alert\"].get(\"text\")\n            raise exception_class(message, screen, stacktrace, alert_text)  # type: ignore[call-arg]  # mypy is not smart enough here\n>       raise exception_class(message, screen, stacktrace)\nE       selenium.common.exceptions.NoSuchElementException: Message: no such element: Unable to locate element: {\"method\":\"xpath\",\"selector\":\"/html/body/form/table/tbody/tr/td[3]/table/tbody/tr[2]/td/a[1]\"}\nE         (Session info: chrome=118.0.5993.120); For documentation on this error, please visit: https://www.selenium.dev/documentation/webdriver/troubleshooting/errors#no-such-element-exception\nE       Stacktrace:\nE       \tGetHandleVerifier [0x00007FF6DEFF8EF2+54786]\nE       \t(No symbol) [0x00007FF6DEF65612]\nE       \t(No symbol) [0x00007FF6DEE1A64B]\nE       \t(No symbol) [0x00007FF6DEE5B79C]\nE       \t(No symbol) [0x00007FF6DEE5B91C]\nE       \t(No symbol) [0x00007FF6DEE96D87]\nE       \t(No symbol) [0x00007FF6DEE7BEAF]\nE       \t(No symbol) [0x00007FF6DEE94D02]\nE       \t(No symbol) [0x00007FF6DEE7BC43]\nE       \t(No symbol) [0x00007FF6DEE50941]\nE       \t(No symbol) [0x00007FF6DEE51B84]\nE       \tGetHandleVerifier [0x00007FF6DF347F52+3524194]\nE       \tGetHandleVerifier [0x00007FF6DF39D800+3874576]\nE       \tGetHandleVerifier [0x00007FF6DF395D7F+3843215]\nE       \tGetHandleVerifier [0x00007FF6DF095086+694166]\nE       \t(No symbol) [0x00007FF6DEF70A88]\nE       \t(No symbol) [0x00007FF6DEF6CA94]\nE       \t(No symbol) [0x00007FF6DEF6CBC2]\nE       \t(No symbol) [0x00007FF6DEF5CC83]\nE       \tBaseThreadInitThunk [0x00007FFA05A0257D+29]\nE       \tRtlUserThreadStart [0x00007FFA071AAA78+40]\n\n..\\venv\\Lib\\site-packages\\selenium\\webdriver\\remote\\errorhandler.py:229: NoSuchElementException"}, "attachments": [{"name": "stdout", "source": "dc542ddf-5acc-4c85-a9ce-6561e333f774-attachment.txt", "type": "text/plain"}], "start": 1699303860221, "stop": 1699303883679, "uuid": "657268b9-175b-4d5c-997d-5563ed160878", "historyId": "5b3ba79e8384a23537063afcc69791d6", "testCaseId": "5b3ba79e8384a23537063afcc69791d6", "fullName": "test_liquidaciones.TestLiquidaciones#test_1_login", "labels": [{"name": "tag", "value": "@pytest.mark.usefixtures('test_setup')"}, {"name": "suite", "value": "test_liquidaciones"}, {"name": "subSuite", "value": "TestLiquidaciones"}, {"name": "host", "value": "LAR-PF3K6GME"}, {"name": "thread", "value": "29148-MainThread"}, {"name": "framework", "value": "pytest"}, {"name": "language", "value": "cpython3"}, {"name": "package", "value": "test_liquidaciones"}]}