{"name": "test_2_lote_prestacion", "status": "broken", "statusDetails": {"message": "selenium.common.exceptions.TimeoutException: Message: \nStacktrace:\n\tGetHandleVerifier [0x00007FF6DEFF8EF2+54786]\n\t(No symbol) [0x00007FF6DEF65612]\n\t(No symbol) [0x00007FF6DEE1A64B]\n\t(No symbol) [0x00007FF6DEE5B79C]\n\t(No symbol) [0x00007FF6DEE5B91C]\n\t(No symbol) [0x00007FF6DEE96D87]\n\t(No symbol) [0x00007FF6DEE7BEAF]\n\t(No symbol) [0x00007FF6DEE94D02]\n\t(No symbol) [0x00007FF6DEE7BC43]\n\t(No symbol) [0x00007FF6DEE50941]\n\t(No symbol) [0x00007FF6DEE51B84]\n\tGetHandleVerifier [0x00007FF6DF347F52+3524194]\n\tGetHandleVerifier [0x00007FF6DF39D800+3874576]\n\tGetHandleVerifier [0x00007FF6DF395D7F+3843215]\n\tGetHandleVerifier [0x00007FF6DF095086+694166]\n\t(No symbol) [0x00007FF6DEF70A88]\n\t(No symbol) [0x00007FF6DEF6CA94]\n\t(No symbol) [0x00007FF6DEF6CBC2]\n\t(No symbol) [0x00007FF6DEF5CC83]\n\tBaseThreadInitThunk [0x00007FFA05A0257D+29]\n\tRtlUserThreadStart [0x00007FFA071AAA78+40]", "trace": "self = <tests.test_liquidaciones.TestLiquidaciones object at 0x0000020BFC0DB7D0>\n\n    def test_2_lote_prestacion(self):\n        driver = self.driver\n        liquidaciones = Liquidaciones(driver)\n>       liquidaciones.altaLotePrestacion()\n\ntest_liquidaciones.py:20: \n_ _ _ _ _ _ _ _ _ _ _ _ _ _ _ _ _ _ _ _ _ _ _ _ _ _ _ _ _ _ _ _ _ _ _ _ _ _ _ _ _ _ _ _ _ _ _ _ _ _ _ _ _ _ _ _ _ _ _ _ _ _ _ _ _ _ _ _ _ _ _ _ _ _ _ _ _ _ _ _ _ _ _ _ _ _ _ _ _ _ _ _ _ _ _ _ _ _ _ _ _ _ _ _ _ _ _ _ _ _ _ _ _ _ _ _\n..\\src\\clases\\Liquidaciones.py:22: in altaLotePrestacion\n    WebDriverWait(self.driver, 10).until(EC.frame_to_be_available_and_switch_to_it((By.XPATH, FRAME1)))\n_ _ _ _ _ _ _ _ _ _ _ _ _ _ _ _ _ _ _ _ _ _ _ _ _ _ _ _ _ _ _ _ _ _ _ _ _ _ _ _ _ _ _ _ _ _ _ _ _ _ _ _ _ _ _ _ _ _ _ _ _ _ _ _ _ _ _ _ _ _ _ _ _ _ _ _ _ _ _ _ _ _ _ _ _ _ _ _ _ _ _ _ _ _ _ _ _ _ _ _ _ _ _ _ _ _ _ _ _ _ _ _ _ _ _ _\n\nself = <selenium.webdriver.support.wait.WebDriverWait (session=\"f2394a49a691eeacc15554a0d4e043e1\")>, method = <function frame_to_be_available_and_switch_to_it.<locals>._predicate at 0x0000020BFC100B80>, message = ''\n\n    def until(self, method: Callable[[WebDriver], Union[Literal[False], T]], message: str = \"\") -> T:\n        \"\"\"Calls the method provided with the driver as an argument until the \\\n        return value does not evaluate to ``False``.\n    \n        :param method: callable(WebDriver)\n        :param message: optional message for :exc:`TimeoutException`\n        :returns: the result of the last call to `method`\n        :raises: :exc:`selenium.common.exceptions.TimeoutException` if timeout occurs\n        \"\"\"\n        screen = None\n        stacktrace = None\n    \n        end_time = time.monotonic() + self._timeout\n        while True:\n            try:\n                value = method(self._driver)\n                if value:\n                    return value\n            except self._ignored_exceptions as exc:\n                screen = getattr(exc, \"screen\", None)\n                stacktrace = getattr(exc, \"stacktrace\", None)\n            time.sleep(self._poll)\n            if time.monotonic() > end_time:\n                break\n>       raise TimeoutException(message, screen, stacktrace)\nE       selenium.common.exceptions.TimeoutException: Message: \nE       Stacktrace:\nE       \tGetHandleVerifier [0x00007FF6DEFF8EF2+54786]\nE       \t(No symbol) [0x00007FF6DEF65612]\nE       \t(No symbol) [0x00007FF6DEE1A64B]\nE       \t(No symbol) [0x00007FF6DEE5B79C]\nE       \t(No symbol) [0x00007FF6DEE5B91C]\nE       \t(No symbol) [0x00007FF6DEE96D87]\nE       \t(No symbol) [0x00007FF6DEE7BEAF]\nE       \t(No symbol) [0x00007FF6DEE94D02]\nE       \t(No symbol) [0x00007FF6DEE7BC43]\nE       \t(No symbol) [0x00007FF6DEE50941]\nE       \t(No symbol) [0x00007FF6DEE51B84]\nE       \tGetHandleVerifier [0x00007FF6DF347F52+3524194]\nE       \tGetHandleVerifier [0x00007FF6DF39D800+3874576]\nE       \tGetHandleVerifier [0x00007FF6DF395D7F+3843215]\nE       \tGetHandleVerifier [0x00007FF6DF095086+694166]\nE       \t(No symbol) [0x00007FF6DEF70A88]\nE       \t(No symbol) [0x00007FF6DEF6CA94]\nE       \t(No symbol) [0x00007FF6DEF6CBC2]\nE       \t(No symbol) [0x00007FF6DEF5CC83]\nE       \tBaseThreadInitThunk [0x00007FFA05A0257D+29]\nE       \tRtlUserThreadStart [0x00007FFA071AAA78+40]\n\n..\\venv\\Lib\\site-packages\\selenium\\webdriver\\support\\wait.py:101: TimeoutException"}, "attachments": [{"name": "stdout", "source": "33472861-305f-4451-974a-19cd8b86fc84-attachment.txt", "type": "text/plain"}], "start": 1699308328695, "stop": 1699308349241, "uuid": "d6969c32-34f2-4922-9a9b-4fcdeeb96132", "historyId": "badbd731520db94933aa5983cbe65773", "testCaseId": "badbd731520db94933aa5983cbe65773", "fullName": "test_liquidaciones.TestLiquidaciones#test_2_lote_prestacion", "labels": [{"name": "tag", "value": "@pytest.mark.usefixtures('test_setup')"}, {"name": "suite", "value": "test_liquidaciones"}, {"name": "subSuite", "value": "TestLiquidaciones"}, {"name": "host", "value": "LAR-PF3K6GME"}, {"name": "thread", "value": "4120-MainThread"}, {"name": "framework", "value": "pytest"}, {"name": "language", "value": "cpython3"}, {"name": "package", "value": "test_liquidaciones"}]}